  Account.cpp
  ATM1.cpp
C:\Users\Chaehoon\DGIST_CS\OOP_202111080\OOP_ATM_project\OOP_ATM_project\ATM.h(1,1): warning C4819: 현재 코드 페이지(949)에서 표시할 수 없는 문자가 파일에 들어 있습니다. 데이터가 손실되지 않게 하려면 해당 파일을 유니코드 형식으로 저장하십시오.
C:\Users\Chaehoon\DGIST_CS\OOP_202111080\OOP_ATM_project\OOP_ATM_project\ATM1.cpp(5,13): error C2039: 'Deposit': 'ATMSB'의 멤버가 아닙니다.
C:\Users\Chaehoon\DGIST_CS\OOP_202111080\OOP_ATM_project\OOP_ATM_project\ATM.h(78,7): message : 'ATMSB' 선언을 참조하십시오.
C:\Users\Chaehoon\DGIST_CS\OOP_202111080\OOP_ATM_project\OOP_ATM_project\ATM1.cpp(8,6): error C2355: 'this': 비정적 멤버 함수 또는 비정적 데이터 멤버 이니셜라이저 안에서만 참조할 수 있습니다.
C:\Users\Chaehoon\DGIST_CS\OOP_202111080\OOP_ATM_project\OOP_ATM_project\ATM1.cpp(22,13): error C2039: 'Deposit': 'ATMMB'의 멤버가 아닙니다.
C:\Users\Chaehoon\DGIST_CS\OOP_202111080\OOP_ATM_project\OOP_ATM_project\ATM.h(49,7): message : 'ATMMB' 선언을 참조하십시오.
C:\Users\Chaehoon\DGIST_CS\OOP_202111080\OOP_ATM_project\OOP_ATM_project\ATM1.cpp(22,20): error C2084: 'void Deposit(int,std::string)' 함수에 이미 본문이 있습니다.
C:\Users\Chaehoon\DGIST_CS\OOP_202111080\OOP_ATM_project\OOP_ATM_project\ATM1.cpp(5,20): message : 'Deposit'의 이전 정의를 참조하십시오.
C:\Users\Chaehoon\DGIST_CS\OOP_202111080\OOP_ATM_project\OOP_ATM_project\ATM1.cpp(25,6): error C2355: 'this': 비정적 멤버 함수 또는 비정적 데이터 멤버 이니셜라이저 안에서만 참조할 수 있습니다.
C:\Users\Chaehoon\DGIST_CS\OOP_202111080\OOP_ATM_project\OOP_ATM_project\ATM1.cpp(39,13): error C2039: 'Deposit': 'ATMSU'의 멤버가 아닙니다.
C:\Users\Chaehoon\DGIST_CS\OOP_202111080\OOP_ATM_project\OOP_ATM_project\ATM.h(65,7): message : 'ATMSU' 선언을 참조하십시오.
C:\Users\Chaehoon\DGIST_CS\OOP_202111080\OOP_ATM_project\OOP_ATM_project\ATM1.cpp(42,6): error C2355: 'this': 비정적 멤버 함수 또는 비정적 데이터 멤버 이니셜라이저 안에서만 참조할 수 있습니다.
C:\Users\Chaehoon\DGIST_CS\OOP_202111080\OOP_ATM_project\OOP_ATM_project\ATM1.cpp(56,13): error C2039: 'Deposit': 'ATMMU'의 멤버가 아닙니다.
C:\Users\Chaehoon\DGIST_CS\OOP_202111080\OOP_ATM_project\OOP_ATM_project\ATM.h(36,7): message : 'ATMMU' 선언을 참조하십시오.
C:\Users\Chaehoon\DGIST_CS\OOP_202111080\OOP_ATM_project\OOP_ATM_project\ATM1.cpp(59,6): error C2355: 'this': 비정적 멤버 함수 또는 비정적 데이터 멤버 이니셜라이저 안에서만 참조할 수 있습니다.
C:\Users\Chaehoon\DGIST_CS\OOP_202111080\OOP_ATM_project\OOP_ATM_project\ATM1.cpp(73,13): error C2039: 'Deposit': 'ATMSB'의 멤버가 아닙니다.
C:\Users\Chaehoon\DGIST_CS\OOP_202111080\OOP_ATM_project\OOP_ATM_project\ATM.h(78,7): message : 'ATMSB' 선언을 참조하십시오.
C:\Users\Chaehoon\DGIST_CS\OOP_202111080\OOP_ATM_project\OOP_ATM_project\ATM1.cpp(76,6): error C2355: 'this': 비정적 멤버 함수 또는 비정적 데이터 멤버 이니셜라이저 안에서만 참조할 수 있습니다.
C:\Users\Chaehoon\DGIST_CS\OOP_202111080\OOP_ATM_project\OOP_ATM_project\ATM1.cpp(90,13): error C2039: 'Deposit': 'ATMMB'의 멤버가 아닙니다.
C:\Users\Chaehoon\DGIST_CS\OOP_202111080\OOP_ATM_project\OOP_ATM_project\ATM.h(49,7): message : 'ATMMB' 선언을 참조하십시오.
C:\Users\Chaehoon\DGIST_CS\OOP_202111080\OOP_ATM_project\OOP_ATM_project\ATM1.cpp(93,6): error C2355: 'this': 비정적 멤버 함수 또는 비정적 데이터 멤버 이니셜라이저 안에서만 참조할 수 있습니다.
C:\Users\Chaehoon\DGIST_CS\OOP_202111080\OOP_ATM_project\OOP_ATM_project\ATM1.cpp(107,13): error C2039: 'Deposit': 'ATMSU'의 멤버가 아닙니다.
C:\Users\Chaehoon\DGIST_CS\OOP_202111080\OOP_ATM_project\OOP_ATM_project\ATM.h(65,7): message : 'ATMSU' 선언을 참조하십시오.
C:\Users\Chaehoon\DGIST_CS\OOP_202111080\OOP_ATM_project\OOP_ATM_project\ATM1.cpp(110,6): error C2355: 'this': 비정적 멤버 함수 또는 비정적 데이터 멤버 이니셜라이저 안에서만 참조할 수 있습니다.
C:\Users\Chaehoon\DGIST_CS\OOP_202111080\OOP_ATM_project\OOP_ATM_project\ATM1.cpp(124,13): error C2039: 'Deposit': 'ATMMU'의 멤버가 아닙니다.
C:\Users\Chaehoon\DGIST_CS\OOP_202111080\OOP_ATM_project\OOP_ATM_project\ATM.h(36,7): message : 'ATMMU' 선언을 참조하십시오.
C:\Users\Chaehoon\DGIST_CS\OOP_202111080\OOP_ATM_project\OOP_ATM_project\ATM1.cpp(127,6): error C2355: 'this': 비정적 멤버 함수 또는 비정적 데이터 멤버 이니셜라이저 안에서만 참조할 수 있습니다.
  ATM2.cpp
C:\Users\Chaehoon\DGIST_CS\OOP_202111080\OOP_ATM_project\OOP_ATM_project\ATM.h(1,1): warning C4819: 현재 코드 페이지(949)에서 표시할 수 없는 문자가 파일에 들어 있습니다. 데이터가 손실되지 않게 하려면 해당 파일을 유니코드 형식으로 저장하십시오.
C:\Users\Chaehoon\DGIST_CS\OOP_202111080\OOP_ATM_project\OOP_ATM_project\ATM2.cpp(10,1): error C2062: 예기치 않은 'void' 형식입니다.
C:\Users\Chaehoon\DGIST_CS\OOP_202111080\OOP_ATM_project\OOP_ATM_project\ATM2.cpp(10,27): error C2143: 구문 오류: ';'이(가) '{' 앞에 없습니다.
C:\Users\Chaehoon\DGIST_CS\OOP_202111080\OOP_ATM_project\OOP_ATM_project\ATM2.cpp(10,27): error C2447: '{': 함수 헤더가 없습니다. 이전 스타일의 형식 목록입니까?
C:\Users\Chaehoon\DGIST_CS\OOP_202111080\OOP_ATM_project\OOP_ATM_project\ATM2.cpp(14,1): fatal  error C1004: 예기치 않은 파일의 끝이 나타났습니다.
  ATM3.cpp
C:\Users\Chaehoon\DGIST_CS\OOP_202111080\OOP_ATM_project\OOP_ATM_project\ATM.h(1,1): warning C4819: 현재 코드 페이지(949)에서 표시할 수 없는 문자가 파일에 들어 있습니다. 데이터가 손실되지 않게 하려면 해당 파일을 유니코드 형식으로 저장하십시오.
C:\Users\Chaehoon\DGIST_CS\OOP_202111080\OOP_ATM_project\OOP_ATM_project\ATM3.cpp(5,13): error C2511: 'void ATMMU::cardCheck(void)': 오버로드된 멤버 함수가 'ATMMU'에 없습니다.
C:\Users\Chaehoon\DGIST_CS\OOP_202111080\OOP_ATM_project\OOP_ATM_project\ATM.h(36,7): message : 'ATMMU' 선언을 참조하십시오.
C:\Users\Chaehoon\DGIST_CS\OOP_202111080\OOP_ATM_project\OOP_ATM_project\ATM3.cpp(10,1): error C2062: 예기치 않은 'void' 형식입니다.
C:\Users\Chaehoon\DGIST_CS\OOP_202111080\OOP_ATM_project\OOP_ATM_project\ATM3.cpp(10,24): error C2143: 구문 오류: ';'이(가) '{' 앞에 없습니다.
C:\Users\Chaehoon\DGIST_CS\OOP_202111080\OOP_ATM_project\OOP_ATM_project\ATM3.cpp(10,24): error C2447: '{': 함수 헤더가 없습니다. 이전 스타일의 형식 목록입니까?
C:\Users\Chaehoon\DGIST_CS\OOP_202111080\OOP_ATM_project\OOP_ATM_project\ATM3.cpp(14,11): error C2039: 'Print_Transaction_History': 'ATM'의 멤버가 아닙니다.
C:\Users\Chaehoon\DGIST_CS\OOP_202111080\OOP_ATM_project\OOP_ATM_project\ATM.h(12,7): message : 'ATM' 선언을 참조하십시오.
  ATM4.cpp
C:\Users\Chaehoon\DGIST_CS\OOP_202111080\OOP_ATM_project\OOP_ATM_project\ATM.h(1,1): warning C4819: 현재 코드 페이지(949)에서 표시할 수 없는 문자가 파일에 들어 있습니다. 데이터가 손실되지 않게 하려면 해당 파일을 유니코드 형식으로 저장하십시오.
C:\Users\Chaehoon\DGIST_CS\OOP_202111080\OOP_ATM_project\OOP_ATM_project\ATM4.cpp(12,13): error C2511: 'void ATMMU::checkPW(std::string,std::string)': 오버로드된 멤버 함수가 'ATMMU'에 없습니다.
C:\Users\Chaehoon\DGIST_CS\OOP_202111080\OOP_ATM_project\OOP_ATM_project\ATM.h(36,7): message : 'ATMMU' 선언을 참조하십시오.
C:\Users\Chaehoon\DGIST_CS\OOP_202111080\OOP_ATM_project\OOP_ATM_project\ATM4.cpp(14,14): error C2671: 'ATMMU::checkPW': 정적 멤버 함수에 'this' 포인터가 없습니다.
C:\Users\Chaehoon\DGIST_CS\OOP_202111080\OOP_ATM_project\OOP_ATM_project\ATM4.cpp(25,13): error C2511: 'void ATMMB::checkPW(std::string,std::string)': 오버로드된 멤버 함수가 'ATMMB'에 없습니다.
C:\Users\Chaehoon\DGIST_CS\OOP_202111080\OOP_ATM_project\OOP_ATM_project\ATM.h(49,7): message : 'ATMMB' 선언을 참조하십시오.
C:\Users\Chaehoon\DGIST_CS\OOP_202111080\OOP_ATM_project\OOP_ATM_project\ATM4.cpp(27,14): error C2671: 'ATMMB::checkPW': 정적 멤버 함수에 'this' 포인터가 없습니다.
C:\Users\Chaehoon\DGIST_CS\OOP_202111080\OOP_ATM_project\OOP_ATM_project\ATM4.cpp(38,13): error C2511: 'void ATMSU::checkPW(std::string,std::string)': 오버로드된 멤버 함수가 'ATMSU'에 없습니다.
C:\Users\Chaehoon\DGIST_CS\OOP_202111080\OOP_ATM_project\OOP_ATM_project\ATM.h(65,7): message : 'ATMSU' 선언을 참조하십시오.
C:\Users\Chaehoon\DGIST_CS\OOP_202111080\OOP_ATM_project\OOP_ATM_project\ATM4.cpp(40,14): error C2671: 'ATMSU::checkPW': 정적 멤버 함수에 'this' 포인터가 없습니다.
C:\Users\Chaehoon\DGIST_CS\OOP_202111080\OOP_ATM_project\OOP_ATM_project\ATM4.cpp(51,13): error C2511: 'void ATMSB::checkPW(std::string,std::string)': 오버로드된 멤버 함수가 'ATMSB'에 없습니다.
C:\Users\Chaehoon\DGIST_CS\OOP_202111080\OOP_ATM_project\OOP_ATM_project\ATM.h(78,7): message : 'ATMSB' 선언을 참조하십시오.
C:\Users\Chaehoon\DGIST_CS\OOP_202111080\OOP_ATM_project\OOP_ATM_project\ATM4.cpp(53,14): error C2671: 'ATMSB::checkPW': 정적 멤버 함수에 'this' 포인터가 없습니다.
C:\Users\Chaehoon\DGIST_CS\OOP_202111080\OOP_ATM_project\OOP_ATM_project\ATM4.cpp(66,6): error C2065: 'isBilang': 선언되지 않은 식별자입니다.
C:\Users\Chaehoon\DGIST_CS\OOP_202111080\OOP_ATM_project\OOP_ATM_project\ATM4.cpp(76,9): error C2039: 'isEnglish': 'ATMSB'의 멤버가 아닙니다.
C:\Users\Chaehoon\DGIST_CS\OOP_202111080\OOP_ATM_project\OOP_ATM_project\ATM.h(78,7): message : 'ATMSB' 선언을 참조하십시오.
C:\Users\Chaehoon\DGIST_CS\OOP_202111080\OOP_ATM_project\OOP_ATM_project\ATM4.cpp(80,9): error C2039: 'isEnglish': 'ATMSB'의 멤버가 아닙니다.
C:\Users\Chaehoon\DGIST_CS\OOP_202111080\OOP_ATM_project\OOP_ATM_project\ATM.h(78,7): message : 'ATMSB' 선언을 참조하십시오.
C:\Users\Chaehoon\DGIST_CS\OOP_202111080\OOP_ATM_project\OOP_ATM_project\ATM4.cpp(91,6): error C2065: 'isBilang': 선언되지 않은 식별자입니다.
C:\Users\Chaehoon\DGIST_CS\OOP_202111080\OOP_ATM_project\OOP_ATM_project\ATM4.cpp(101,9): error C2039: 'isEnglish': 'ATMMB'의 멤버가 아닙니다.
C:\Users\Chaehoon\DGIST_CS\OOP_202111080\OOP_ATM_project\OOP_ATM_project\ATM.h(49,7): message : 'ATMMB' 선언을 참조하십시오.
C:\Users\Chaehoon\DGIST_CS\OOP_202111080\OOP_ATM_project\OOP_ATM_project\ATM4.cpp(105,9): error C2039: 'isEnglish': 'ATMMB'의 멤버가 아닙니다.
C:\Users\Chaehoon\DGIST_CS\OOP_202111080\OOP_ATM_project\OOP_ATM_project\ATM.h(49,7): message : 'ATMMB' 선언을 참조하십시오.
  Bank.cpp
  Card.cpp
  InteractiveDisplay.cpp
C:\Users\Chaehoon\DGIST_CS\OOP_202111080\OOP_ATM_project\OOP_ATM_project\InteractiveDisplay.cpp(1,10): fatal  error C1083: 포함 파일을 열 수 없습니다. 'Display.h': No such file or directory
  Log.cpp
  main.cpp
C:\Users\Chaehoon\DGIST_CS\OOP_202111080\OOP_ATM_project\OOP_ATM_project\ATM.h(1,1): warning C4819: 현재 코드 페이지(949)에서 표시할 수 없는 문자가 파일에 들어 있습니다. 데이터가 손실되지 않게 하려면 해당 파일을 유니코드 형식으로 저장하십시오.
C:\Users\Chaehoon\DGIST_CS\OOP_202111080\OOP_ATM_project\OOP_ATM_project\main.cpp(7,10): fatal  error C1083: 포함 파일을 열 수 없습니다. 'Display.h': No such file or directory
  Money.cpp
C:\Users\Chaehoon\DGIST_CS\OOP_202111080\OOP_ATM_project\OOP_ATM_project\Money.h(3,13): error C2059: 구문 오류: ')'
C:\Users\Chaehoon\DGIST_CS\OOP_202111080\OOP_ATM_project\OOP_ATM_project\Money.h(3,15): error C2143: 구문 오류: ';'이(가) '{' 앞에 없습니다.
C:\Users\Chaehoon\DGIST_CS\OOP_202111080\OOP_ATM_project\OOP_ATM_project\Money.h(3,15): error C2447: '{': 함수 헤더가 없습니다. 이전 스타일의 형식 목록입니까?
  코드를 생성하고 있습니다...
